  glad.c
  RenderEngine.cpp
  Demo.cpp
c:\users\decade\source\repos\grafika komputer backyard\grafika komputer backyard\demo.cpp(277): warning C4838: conversion from 'double' to 'float' requires a narrowing conversion
c:\users\decade\source\repos\grafika komputer backyard\grafika komputer backyard\demo.cpp(277): warning C4305: 'initializing': truncation from 'double' to 'float'
c:\users\decade\source\repos\grafika komputer backyard\grafika komputer backyard\demo.cpp(386): warning C4838: conversion from 'double' to 'float' requires a narrowing conversion
c:\users\decade\source\repos\grafika komputer backyard\grafika komputer backyard\demo.cpp(386): warning C4305: 'initializing': truncation from 'double' to 'float'
c:\users\decade\source\repos\grafika komputer backyard\grafika komputer backyard\demo.cpp(552): warning C4838: conversion from 'double' to 'float' requires a narrowing conversion
c:\users\decade\source\repos\grafika komputer backyard\grafika komputer backyard\demo.cpp(552): warning C4305: 'initializing': truncation from 'double' to 'float'
c:\users\decade\source\repos\grafika komputer backyard\grafika komputer backyard\demo.cpp(710): warning C4838: conversion from 'double' to 'float' requires a narrowing conversion
c:\users\decade\source\repos\grafika komputer backyard\grafika komputer backyard\demo.cpp(710): warning C4305: 'initializing': truncation from 'double' to 'float'
c:\users\decade\source\repos\grafika komputer backyard\grafika komputer backyard\demo.cpp(864): warning C4838: conversion from 'double' to 'float' requires a narrowing conversion
c:\users\decade\source\repos\grafika komputer backyard\grafika komputer backyard\demo.cpp(864): warning C4305: 'initializing': truncation from 'double' to 'float'
c:\users\decade\source\repos\grafika komputer backyard\grafika komputer backyard\demo.cpp(1018): warning C4838: conversion from 'double' to 'float' requires a narrowing conversion
c:\users\decade\source\repos\grafika komputer backyard\grafika komputer backyard\demo.cpp(1018): warning C4305: 'initializing': truncation from 'double' to 'float'
c:\users\decade\source\repos\grafika komputer backyard\grafika komputer backyard\demo.cpp(1146): warning C4838: conversion from 'double' to 'float' requires a narrowing conversion
c:\users\decade\source\repos\grafika komputer backyard\grafika komputer backyard\demo.cpp(1146): warning C4305: 'initializing': truncation from 'double' to 'float'
c:\users\decade\source\repos\grafika komputer backyard\grafika komputer backyard\demo.cpp(1819): warning C4838: conversion from 'double' to 'float' requires a narrowing conversion
c:\users\decade\source\repos\grafika komputer backyard\grafika komputer backyard\demo.cpp(1819): warning C4305: 'initializing': truncation from 'double' to 'float'
  Generating Code...
LINK : warning LNK4098: defaultlib 'MSVCRT' conflicts with use of other libs; use /NODEFAULTLIB:library
SOIL.lib(image_DXT.obj) : warning LNK4099: PDB 'vc110.pdb' was not found with 'SOIL.lib(image_DXT.obj)' or at 'C:\Users\Decade\source\repos\Grafika Komputer Backyard\Debug\vc110.pdb'; linking object as if no debug info
SOIL.lib(image_helper.obj) : warning LNK4099: PDB 'vc110.pdb' was not found with 'SOIL.lib(image_helper.obj)' or at 'C:\Users\Decade\source\repos\Grafika Komputer Backyard\Debug\vc110.pdb'; linking object as if no debug info
SOIL.lib(SOIL.obj) : warning LNK4099: PDB 'vc110.pdb' was not found with 'SOIL.lib(SOIL.obj)' or at 'C:\Users\Decade\source\repos\Grafika Komputer Backyard\Debug\vc110.pdb'; linking object as if no debug info
SOIL.lib(stb_image_aug.obj) : warning LNK4099: PDB 'vc110.pdb' was not found with 'SOIL.lib(stb_image_aug.obj)' or at 'C:\Users\Decade\source\repos\Grafika Komputer Backyard\Debug\vc110.pdb'; linking object as if no debug info
  Grafika Komputer Backyard.vcxproj -> C:\Users\Decade\source\repos\Grafika Komputer Backyard\Debug\Grafika Komputer Backyard.exe
  Grafika Komputer Backyard.vcxproj -> C:\Users\Decade\source\repos\Grafika Komputer Backyard\Debug\Grafika Komputer Backyard.pdb (Full PDB)
